CRITICAL - 2025-01-15 05:33:48 --> CodeIgniter\View\Exceptions\ViewException: Invalid file: "templates/header.php"
[Method: GET, Route: /]
in SYSTEMPATH\Exceptions\FrameworkException.php on line 41.
 1 SYSTEMPATH\View\View.php(222): CodeIgniter\Exceptions\FrameworkException::forInvalidFile('templates/header.php')
 2 SYSTEMPATH\View\View.php(250): CodeIgniter\View\View->render('templates/header', [], true)
 3 SYSTEMPATH\Common.php(1171): CodeIgniter\View\View->render('user/index', [], true)
 4 APPPATH\Controllers\Home.php(9): view('user/index')
 5 SYSTEMPATH\CodeIgniter.php(933): App\Controllers\Home->index()
 6 SYSTEMPATH\CodeIgniter.php(509): CodeIgniter\CodeIgniter->runController(Object(App\Controllers\Home))
 7 SYSTEMPATH\CodeIgniter.php(355): CodeIgniter\CodeIgniter->handleRequest(null, Object(Config\Cache), false)
 8 SYSTEMPATH\Boot.php(334): CodeIgniter\CodeIgniter->run()
 9 SYSTEMPATH\Boot.php(67): CodeIgniter\Boot::runCodeIgniter(Object(CodeIgniter\CodeIgniter))
10 FCPATH\index.php(56): CodeIgniter\Boot::bootWeb(Object(Config\Paths))
11 SYSTEMPATH\rewrite.php(44): require_once('C:\\laragon\\www\\penjualan\\public\\index.php')
CRITICAL - 2025-01-15 05:34:27 --> CodeIgniter\View\Exceptions\ViewException: Invalid file: "Templates/header.php"
[Method: GET, Route: /]
in SYSTEMPATH\Exceptions\FrameworkException.php on line 41.
 1 SYSTEMPATH\View\View.php(222): CodeIgniter\Exceptions\FrameworkException::forInvalidFile('Templates/header.php')
 2 SYSTEMPATH\View\View.php(250): CodeIgniter\View\View->render('Templates/header', [], true)
 3 SYSTEMPATH\Common.php(1171): CodeIgniter\View\View->render('user/index', [], true)
 4 APPPATH\Controllers\Home.php(9): view('user/index')
 5 SYSTEMPATH\CodeIgniter.php(933): App\Controllers\Home->index()
 6 SYSTEMPATH\CodeIgniter.php(509): CodeIgniter\CodeIgniter->runController(Object(App\Controllers\Home))
 7 SYSTEMPATH\CodeIgniter.php(355): CodeIgniter\CodeIgniter->handleRequest(null, Object(Config\Cache), false)
 8 SYSTEMPATH\Boot.php(334): CodeIgniter\CodeIgniter->run()
 9 SYSTEMPATH\Boot.php(67): CodeIgniter\Boot::runCodeIgniter(Object(CodeIgniter\CodeIgniter))
10 FCPATH\index.php(56): CodeIgniter\Boot::bootWeb(Object(Config\Paths))
11 SYSTEMPATH\rewrite.php(44): require_once('C:\\laragon\\www\\penjualan\\public\\index.php')
CRITICAL - 2025-01-15 05:59:23 --> CodeIgniter\View\Exceptions\ViewException: Invalid file: "content.php"
[Method: GET, Route: list]
in SYSTEMPATH\Exceptions\FrameworkException.php on line 41.
 1 SYSTEMPATH\View\View.php(222): CodeIgniter\Exceptions\FrameworkException::forInvalidFile('content.php')
 2 APPPATH\Views\templatesT\index.php(12): CodeIgniter\View\View->render('content')
 3 SYSTEMPATH\View\View.php(234): include('C:\\laragon\\www\\penjualan\\app\\Views\\templatesT\\index.php')
 4 SYSTEMPATH\View\View.php(237): CodeIgniter\View\View->CodeIgniter\View\{closure}()
 5 SYSTEMPATH\View\View.php(250): CodeIgniter\View\View->render('templatesT/index', [], true)
 6 SYSTEMPATH\Common.php(1171): CodeIgniter\View\View->render('user/list', [], true)
 7 APPPATH\Controllers\Home.php(14): view('user/list')
 8 SYSTEMPATH\CodeIgniter.php(933): App\Controllers\Home->list()
 9 SYSTEMPATH\CodeIgniter.php(509): CodeIgniter\CodeIgniter->runController(Object(App\Controllers\Home))
10 SYSTEMPATH\CodeIgniter.php(355): CodeIgniter\CodeIgniter->handleRequest(null, Object(Config\Cache), false)
11 SYSTEMPATH\Boot.php(334): CodeIgniter\CodeIgniter->run()
12 SYSTEMPATH\Boot.php(67): CodeIgniter\Boot::runCodeIgniter(Object(CodeIgniter\CodeIgniter))
13 FCPATH\index.php(56): CodeIgniter\Boot::bootWeb(Object(Config\Paths))
14 SYSTEMPATH\rewrite.php(44): require_once('C:\\laragon\\www\\penjualan\\public\\index.php')
CRITICAL - 2025-01-15 06:04:56 --> CodeIgniter\HTTP\Exceptions\BadRequestException: The URI you submitted has disallowed characters: "keen-slider@6.8.6"
[Method: GET, Route: https:/cdn.jsdelivr.net/npm/keen-slider@6.8.6/keen-slider.min.css]
in SYSTEMPATH\Router\Router.php on line 737.
 1 SYSTEMPATH\Router\Router.php(204): CodeIgniter\Router\Router->checkDisallowedChars('https:/cdn.jsdelivr.net/npm/keen-slider@6.8.6/keen-slider.min.css')
 2 SYSTEMPATH\CodeIgniter.php(834): CodeIgniter\Router\Router->handle('https:/cdn.jsdelivr.net/npm/keen-slider@6.8.6/keen-slider.min.css')
 3 SYSTEMPATH\CodeIgniter.php(457): CodeIgniter\CodeIgniter->tryToRouteIt(Object(CodeIgniter\Router\RouteCollection))
 4 SYSTEMPATH\CodeIgniter.php(355): CodeIgniter\CodeIgniter->handleRequest(null, Object(Config\Cache), false)
 5 SYSTEMPATH\Boot.php(334): CodeIgniter\CodeIgniter->run()
 6 SYSTEMPATH\Boot.php(67): CodeIgniter\Boot::runCodeIgniter(Object(CodeIgniter\CodeIgniter))
 7 FCPATH\index.php(56): CodeIgniter\Boot::bootWeb(Object(Config\Paths))
 8 SYSTEMPATH\rewrite.php(44): require_once('C:\\laragon\\www\\penjualan\\public\\index.php')
CRITICAL - 2025-01-15 06:05:24 --> CodeIgniter\HTTP\Exceptions\BadRequestException: The URI you submitted has disallowed characters: "keen-slider@6.8.6"
[Method: GET, Route: https:/cdn.jsdelivr.net/npm/keen-slider@6.8.6/keen-slider.min.css]
in SYSTEMPATH\Router\Router.php on line 737.
 1 SYSTEMPATH\Router\Router.php(204): CodeIgniter\Router\Router->checkDisallowedChars('https:/cdn.jsdelivr.net/npm/keen-slider@6.8.6/keen-slider.min.css')
 2 SYSTEMPATH\CodeIgniter.php(834): CodeIgniter\Router\Router->handle('https:/cdn.jsdelivr.net/npm/keen-slider@6.8.6/keen-slider.min.css')
 3 SYSTEMPATH\CodeIgniter.php(457): CodeIgniter\CodeIgniter->tryToRouteIt(Object(CodeIgniter\Router\RouteCollection))
 4 SYSTEMPATH\CodeIgniter.php(355): CodeIgniter\CodeIgniter->handleRequest(null, Object(Config\Cache), false)
 5 SYSTEMPATH\Boot.php(334): CodeIgniter\CodeIgniter->run()
 6 SYSTEMPATH\Boot.php(67): CodeIgniter\Boot::runCodeIgniter(Object(CodeIgniter\CodeIgniter))
 7 FCPATH\index.php(56): CodeIgniter\Boot::bootWeb(Object(Config\Paths))
 8 SYSTEMPATH\rewrite.php(44): require_once('C:\\laragon\\www\\penjualan\\public\\index.php')
CRITICAL - 2025-01-15 06:05:37 --> CodeIgniter\HTTP\Exceptions\BadRequestException: The URI you submitted has disallowed characters: "keen-slider@6.8.6"
[Method: GET, Route: https:/cdn.jsdelivr.net/npm/keen-slider@6.8.6/keen-slider.min.css]
in SYSTEMPATH\Router\Router.php on line 737.
 1 SYSTEMPATH\Router\Router.php(204): CodeIgniter\Router\Router->checkDisallowedChars('https:/cdn.jsdelivr.net/npm/keen-slider@6.8.6/keen-slider.min.css')
 2 SYSTEMPATH\CodeIgniter.php(834): CodeIgniter\Router\Router->handle('https:/cdn.jsdelivr.net/npm/keen-slider@6.8.6/keen-slider.min.css')
 3 SYSTEMPATH\CodeIgniter.php(457): CodeIgniter\CodeIgniter->tryToRouteIt(Object(CodeIgniter\Router\RouteCollection))
 4 SYSTEMPATH\CodeIgniter.php(355): CodeIgniter\CodeIgniter->handleRequest(null, Object(Config\Cache), false)
 5 SYSTEMPATH\Boot.php(334): CodeIgniter\CodeIgniter->run()
 6 SYSTEMPATH\Boot.php(67): CodeIgniter\Boot::runCodeIgniter(Object(CodeIgniter\CodeIgniter))
 7 FCPATH\index.php(56): CodeIgniter\Boot::bootWeb(Object(Config\Paths))
 8 SYSTEMPATH\rewrite.php(44): require_once('C:\\laragon\\www\\penjualan\\public\\index.php')
CRITICAL - 2025-01-15 06:05:56 --> CodeIgniter\HTTP\Exceptions\BadRequestException: The URI you submitted has disallowed characters: "keen-slider@6.8.6"
[Method: GET, Route: https:/cdn.jsdelivr.net/npm/keen-slider@6.8.6/keen-slider.min.css]
in SYSTEMPATH\Router\Router.php on line 737.
 1 SYSTEMPATH\Router\Router.php(204): CodeIgniter\Router\Router->checkDisallowedChars('https:/cdn.jsdelivr.net/npm/keen-slider@6.8.6/keen-slider.min.css')
 2 SYSTEMPATH\CodeIgniter.php(834): CodeIgniter\Router\Router->handle('https:/cdn.jsdelivr.net/npm/keen-slider@6.8.6/keen-slider.min.css')
 3 SYSTEMPATH\CodeIgniter.php(457): CodeIgniter\CodeIgniter->tryToRouteIt(Object(CodeIgniter\Router\RouteCollection))
 4 SYSTEMPATH\CodeIgniter.php(355): CodeIgniter\CodeIgniter->handleRequest(null, Object(Config\Cache), false)
 5 SYSTEMPATH\Boot.php(334): CodeIgniter\CodeIgniter->run()
 6 SYSTEMPATH\Boot.php(67): CodeIgniter\Boot::runCodeIgniter(Object(CodeIgniter\CodeIgniter))
 7 FCPATH\index.php(56): CodeIgniter\Boot::bootWeb(Object(Config\Paths))
 8 SYSTEMPATH\rewrite.php(44): require_once('C:\\laragon\\www\\penjualan\\public\\index.php')
CRITICAL - 2025-01-15 06:06:09 --> CodeIgniter\HTTP\Exceptions\BadRequestException: The URI you submitted has disallowed characters: "keen-slider@6.8.6"
[Method: GET, Route: https:/cdn.jsdelivr.net/npm/keen-slider@6.8.6/keen-slider.min.css]
in SYSTEMPATH\Router\Router.php on line 737.
 1 SYSTEMPATH\Router\Router.php(204): CodeIgniter\Router\Router->checkDisallowedChars('https:/cdn.jsdelivr.net/npm/keen-slider@6.8.6/keen-slider.min.css')
 2 SYSTEMPATH\CodeIgniter.php(834): CodeIgniter\Router\Router->handle('https:/cdn.jsdelivr.net/npm/keen-slider@6.8.6/keen-slider.min.css')
 3 SYSTEMPATH\CodeIgniter.php(457): CodeIgniter\CodeIgniter->tryToRouteIt(Object(CodeIgniter\Router\RouteCollection))
 4 SYSTEMPATH\CodeIgniter.php(355): CodeIgniter\CodeIgniter->handleRequest(null, Object(Config\Cache), false)
 5 SYSTEMPATH\Boot.php(334): CodeIgniter\CodeIgniter->run()
 6 SYSTEMPATH\Boot.php(67): CodeIgniter\Boot::runCodeIgniter(Object(CodeIgniter\CodeIgniter))
 7 FCPATH\index.php(56): CodeIgniter\Boot::bootWeb(Object(Config\Paths))
 8 SYSTEMPATH\rewrite.php(44): require_once('C:\\laragon\\www\\penjualan\\public\\index.php')
CRITICAL - 2025-01-15 06:06:19 --> CodeIgniter\HTTP\Exceptions\BadRequestException: The URI you submitted has disallowed characters: "keen-slider@6.8.6"
[Method: GET, Route: https:/cdn.jsdelivr.net/npm/keen-slider@6.8.6/keen-slider.min.css]
in SYSTEMPATH\Router\Router.php on line 737.
 1 SYSTEMPATH\Router\Router.php(204): CodeIgniter\Router\Router->checkDisallowedChars('https:/cdn.jsdelivr.net/npm/keen-slider@6.8.6/keen-slider.min.css')
 2 SYSTEMPATH\CodeIgniter.php(834): CodeIgniter\Router\Router->handle('https:/cdn.jsdelivr.net/npm/keen-slider@6.8.6/keen-slider.min.css')
 3 SYSTEMPATH\CodeIgniter.php(457): CodeIgniter\CodeIgniter->tryToRouteIt(Object(CodeIgniter\Router\RouteCollection))
 4 SYSTEMPATH\CodeIgniter.php(355): CodeIgniter\CodeIgniter->handleRequest(null, Object(Config\Cache), false)
 5 SYSTEMPATH\Boot.php(334): CodeIgniter\CodeIgniter->run()
 6 SYSTEMPATH\Boot.php(67): CodeIgniter\Boot::runCodeIgniter(Object(CodeIgniter\CodeIgniter))
 7 FCPATH\index.php(56): CodeIgniter\Boot::bootWeb(Object(Config\Paths))
 8 SYSTEMPATH\rewrite.php(44): require_once('C:\\laragon\\www\\penjualan\\public\\index.php')
CRITICAL - 2025-01-15 06:06:37 --> CodeIgniter\HTTP\Exceptions\BadRequestException: The URI you submitted has disallowed characters: "keen-slider@6.8.6"
[Method: GET, Route: https:/cdn.jsdelivr.net/npm/keen-slider@6.8.6/keen-slider.min.css]
in SYSTEMPATH\Router\Router.php on line 737.
 1 SYSTEMPATH\Router\Router.php(204): CodeIgniter\Router\Router->checkDisallowedChars('https:/cdn.jsdelivr.net/npm/keen-slider@6.8.6/keen-slider.min.css')
 2 SYSTEMPATH\CodeIgniter.php(834): CodeIgniter\Router\Router->handle('https:/cdn.jsdelivr.net/npm/keen-slider@6.8.6/keen-slider.min.css')
 3 SYSTEMPATH\CodeIgniter.php(457): CodeIgniter\CodeIgniter->tryToRouteIt(Object(CodeIgniter\Router\RouteCollection))
 4 SYSTEMPATH\CodeIgniter.php(355): CodeIgniter\CodeIgniter->handleRequest(null, Object(Config\Cache), false)
 5 SYSTEMPATH\Boot.php(334): CodeIgniter\CodeIgniter->run()
 6 SYSTEMPATH\Boot.php(67): CodeIgniter\Boot::runCodeIgniter(Object(CodeIgniter\CodeIgniter))
 7 FCPATH\index.php(56): CodeIgniter\Boot::bootWeb(Object(Config\Paths))
 8 SYSTEMPATH\rewrite.php(44): require_once('C:\\laragon\\www\\penjualan\\public\\index.php')
CRITICAL - 2025-01-15 06:08:11 --> CodeIgniter\HTTP\Exceptions\BadRequestException: The URI you submitted has disallowed characters: "keen-slider@6.8.6"
[Method: GET, Route: https:/cdn.jsdelivr.net/npm/keen-slider@6.8.6/keen-slider.min.css]
in SYSTEMPATH\Router\Router.php on line 737.
 1 SYSTEMPATH\Router\Router.php(204): CodeIgniter\Router\Router->checkDisallowedChars('https:/cdn.jsdelivr.net/npm/keen-slider@6.8.6/keen-slider.min.css')
 2 SYSTEMPATH\CodeIgniter.php(834): CodeIgniter\Router\Router->handle('https:/cdn.jsdelivr.net/npm/keen-slider@6.8.6/keen-slider.min.css')
 3 SYSTEMPATH\CodeIgniter.php(457): CodeIgniter\CodeIgniter->tryToRouteIt(Object(CodeIgniter\Router\RouteCollection))
 4 SYSTEMPATH\CodeIgniter.php(355): CodeIgniter\CodeIgniter->handleRequest(null, Object(Config\Cache), false)
 5 SYSTEMPATH\Boot.php(334): CodeIgniter\CodeIgniter->run()
 6 SYSTEMPATH\Boot.php(67): CodeIgniter\Boot::runCodeIgniter(Object(CodeIgniter\CodeIgniter))
 7 FCPATH\index.php(56): CodeIgniter\Boot::bootWeb(Object(Config\Paths))
 8 SYSTEMPATH\rewrite.php(44): require_once('C:\\laragon\\www\\penjualan\\public\\index.php')
CRITICAL - 2025-01-15 06:08:52 --> CodeIgniter\HTTP\Exceptions\BadRequestException: The URI you submitted has disallowed characters: "keen-slider@6.8.6"
[Method: GET, Route: https:/cdn.jsdelivr.net/npm/keen-slider@6.8.6/keen-slider.min.css]
in SYSTEMPATH\Router\Router.php on line 737.
 1 SYSTEMPATH\Router\Router.php(204): CodeIgniter\Router\Router->checkDisallowedChars('https:/cdn.jsdelivr.net/npm/keen-slider@6.8.6/keen-slider.min.css')
 2 SYSTEMPATH\CodeIgniter.php(834): CodeIgniter\Router\Router->handle('https:/cdn.jsdelivr.net/npm/keen-slider@6.8.6/keen-slider.min.css')
 3 SYSTEMPATH\CodeIgniter.php(457): CodeIgniter\CodeIgniter->tryToRouteIt(Object(CodeIgniter\Router\RouteCollection))
 4 SYSTEMPATH\CodeIgniter.php(355): CodeIgniter\CodeIgniter->handleRequest(null, Object(Config\Cache), false)
 5 SYSTEMPATH\Boot.php(334): CodeIgniter\CodeIgniter->run()
 6 SYSTEMPATH\Boot.php(67): CodeIgniter\Boot::runCodeIgniter(Object(CodeIgniter\CodeIgniter))
 7 FCPATH\index.php(56): CodeIgniter\Boot::bootWeb(Object(Config\Paths))
 8 SYSTEMPATH\rewrite.php(44): require_once('C:\\laragon\\www\\penjualan\\public\\index.php')
CRITICAL - 2025-01-15 06:12:02 --> CodeIgniter\HTTP\Exceptions\BadRequestException: The URI you submitted has disallowed characters: "keen-slider@6.8.6"
[Method: GET, Route: https:/cdn.jsdelivr.net/npm/keen-slider@6.8.6/keen-slider.min.css]
in SYSTEMPATH\Router\Router.php on line 737.
 1 SYSTEMPATH\Router\Router.php(204): CodeIgniter\Router\Router->checkDisallowedChars('https:/cdn.jsdelivr.net/npm/keen-slider@6.8.6/keen-slider.min.css')
 2 SYSTEMPATH\CodeIgniter.php(834): CodeIgniter\Router\Router->handle('https:/cdn.jsdelivr.net/npm/keen-slider@6.8.6/keen-slider.min.css')
 3 SYSTEMPATH\CodeIgniter.php(457): CodeIgniter\CodeIgniter->tryToRouteIt(Object(CodeIgniter\Router\RouteCollection))
 4 SYSTEMPATH\CodeIgniter.php(355): CodeIgniter\CodeIgniter->handleRequest(null, Object(Config\Cache), false)
 5 SYSTEMPATH\Boot.php(334): CodeIgniter\CodeIgniter->run()
 6 SYSTEMPATH\Boot.php(67): CodeIgniter\Boot::runCodeIgniter(Object(CodeIgniter\CodeIgniter))
 7 FCPATH\index.php(56): CodeIgniter\Boot::bootWeb(Object(Config\Paths))
 8 SYSTEMPATH\rewrite.php(44): require_once('C:\\laragon\\www\\penjualan\\public\\index.php')
CRITICAL - 2025-01-15 06:12:08 --> CodeIgniter\HTTP\Exceptions\BadRequestException: The URI you submitted has disallowed characters: "keen-slider@6.8.6"
[Method: GET, Route: https:/cdn.jsdelivr.net/npm/keen-slider@6.8.6/keen-slider.min.css]
in SYSTEMPATH\Router\Router.php on line 737.
 1 SYSTEMPATH\Router\Router.php(204): CodeIgniter\Router\Router->checkDisallowedChars('https:/cdn.jsdelivr.net/npm/keen-slider@6.8.6/keen-slider.min.css')
 2 SYSTEMPATH\CodeIgniter.php(834): CodeIgniter\Router\Router->handle('https:/cdn.jsdelivr.net/npm/keen-slider@6.8.6/keen-slider.min.css')
 3 SYSTEMPATH\CodeIgniter.php(457): CodeIgniter\CodeIgniter->tryToRouteIt(Object(CodeIgniter\Router\RouteCollection))
 4 SYSTEMPATH\CodeIgniter.php(355): CodeIgniter\CodeIgniter->handleRequest(null, Object(Config\Cache), false)
 5 SYSTEMPATH\Boot.php(334): CodeIgniter\CodeIgniter->run()
 6 SYSTEMPATH\Boot.php(67): CodeIgniter\Boot::runCodeIgniter(Object(CodeIgniter\CodeIgniter))
 7 FCPATH\index.php(56): CodeIgniter\Boot::bootWeb(Object(Config\Paths))
 8 SYSTEMPATH\rewrite.php(44): require_once('C:\\laragon\\www\\penjualan\\public\\index.php')
CRITICAL - 2025-01-15 06:12:26 --> CodeIgniter\HTTP\Exceptions\BadRequestException: The URI you submitted has disallowed characters: "keen-slider@6.8.6"
[Method: GET, Route: https:/cdn.jsdelivr.net/npm/keen-slider@6.8.6/keen-slider.min.css]
in SYSTEMPATH\Router\Router.php on line 737.
 1 SYSTEMPATH\Router\Router.php(204): CodeIgniter\Router\Router->checkDisallowedChars('https:/cdn.jsdelivr.net/npm/keen-slider@6.8.6/keen-slider.min.css')
 2 SYSTEMPATH\CodeIgniter.php(834): CodeIgniter\Router\Router->handle('https:/cdn.jsdelivr.net/npm/keen-slider@6.8.6/keen-slider.min.css')
 3 SYSTEMPATH\CodeIgniter.php(457): CodeIgniter\CodeIgniter->tryToRouteIt(Object(CodeIgniter\Router\RouteCollection))
 4 SYSTEMPATH\CodeIgniter.php(355): CodeIgniter\CodeIgniter->handleRequest(null, Object(Config\Cache), false)
 5 SYSTEMPATH\Boot.php(334): CodeIgniter\CodeIgniter->run()
 6 SYSTEMPATH\Boot.php(67): CodeIgniter\Boot::runCodeIgniter(Object(CodeIgniter\CodeIgniter))
 7 FCPATH\index.php(56): CodeIgniter\Boot::bootWeb(Object(Config\Paths))
 8 SYSTEMPATH\rewrite.php(44): require_once('C:\\laragon\\www\\penjualan\\public\\index.php')
CRITICAL - 2025-01-15 06:18:14 --> CodeIgniter\View\Exceptions\ViewException: Invalid file: "navbar.php"
[Method: GET, Route: /]
in SYSTEMPATH\Exceptions\FrameworkException.php on line 41.
 1 SYSTEMPATH\View\View.php(222): CodeIgniter\Exceptions\FrameworkException::forInvalidFile('navbar.php')
 2 SYSTEMPATH\View\View.php(487): CodeIgniter\View\View->render('navbar', null, true)
 3 APPPATH\Views\templates\header.php(14): CodeIgniter\View\View->include('navbar')
 4 SYSTEMPATH\View\View.php(234): include('C:\\laragon\\www\\penjualan\\app\\Views\\templates\\header.php')
 5 SYSTEMPATH\View\View.php(237): CodeIgniter\View\View->CodeIgniter\View\{closure}()
 6 SYSTEMPATH\View\View.php(250): CodeIgniter\View\View->render('templates/header', [], true)
 7 SYSTEMPATH\Common.php(1171): CodeIgniter\View\View->render('user/index', [], true)
 8 APPPATH\Controllers\Home.php(9): view('user/index')
 9 SYSTEMPATH\CodeIgniter.php(933): App\Controllers\Home->index()
10 SYSTEMPATH\CodeIgniter.php(509): CodeIgniter\CodeIgniter->runController(Object(App\Controllers\Home))
11 SYSTEMPATH\CodeIgniter.php(355): CodeIgniter\CodeIgniter->handleRequest(null, Object(Config\Cache), false)
12 SYSTEMPATH\Boot.php(334): CodeIgniter\CodeIgniter->run()
13 SYSTEMPATH\Boot.php(67): CodeIgniter\Boot::runCodeIgniter(Object(CodeIgniter\CodeIgniter))
14 FCPATH\index.php(56): CodeIgniter\Boot::bootWeb(Object(Config\Paths))
15 SYSTEMPATH\rewrite.php(44): require_once('C:\\laragon\\www\\penjualan\\public\\index.php')
CRITICAL - 2025-01-15 06:18:47 --> CodeIgniter\HTTP\Exceptions\BadRequestException: The URI you submitted has disallowed characters: "keen-slider@6.8.6"
[Method: GET, Route: https:/cdn.jsdelivr.net/npm/keen-slider@6.8.6/keen-slider.min.css]
in SYSTEMPATH\Router\Router.php on line 737.
 1 SYSTEMPATH\Router\Router.php(204): CodeIgniter\Router\Router->checkDisallowedChars('https:/cdn.jsdelivr.net/npm/keen-slider@6.8.6/keen-slider.min.css')
 2 SYSTEMPATH\CodeIgniter.php(834): CodeIgniter\Router\Router->handle('https:/cdn.jsdelivr.net/npm/keen-slider@6.8.6/keen-slider.min.css')
 3 SYSTEMPATH\CodeIgniter.php(457): CodeIgniter\CodeIgniter->tryToRouteIt(Object(CodeIgniter\Router\RouteCollection))
 4 SYSTEMPATH\CodeIgniter.php(355): CodeIgniter\CodeIgniter->handleRequest(null, Object(Config\Cache), false)
 5 SYSTEMPATH\Boot.php(334): CodeIgniter\CodeIgniter->run()
 6 SYSTEMPATH\Boot.php(67): CodeIgniter\Boot::runCodeIgniter(Object(CodeIgniter\CodeIgniter))
 7 FCPATH\index.php(56): CodeIgniter\Boot::bootWeb(Object(Config\Paths))
 8 SYSTEMPATH\rewrite.php(44): require_once('C:\\laragon\\www\\penjualan\\public\\index.php')
CRITICAL - 2025-01-15 06:18:53 --> CodeIgniter\HTTP\Exceptions\BadRequestException: The URI you submitted has disallowed characters: "keen-slider@6.8.6"
[Method: GET, Route: https:/cdn.jsdelivr.net/npm/keen-slider@6.8.6/keen-slider.min.css]
in SYSTEMPATH\Router\Router.php on line 737.
 1 SYSTEMPATH\Router\Router.php(204): CodeIgniter\Router\Router->checkDisallowedChars('https:/cdn.jsdelivr.net/npm/keen-slider@6.8.6/keen-slider.min.css')
 2 SYSTEMPATH\CodeIgniter.php(834): CodeIgniter\Router\Router->handle('https:/cdn.jsdelivr.net/npm/keen-slider@6.8.6/keen-slider.min.css')
 3 SYSTEMPATH\CodeIgniter.php(457): CodeIgniter\CodeIgniter->tryToRouteIt(Object(CodeIgniter\Router\RouteCollection))
 4 SYSTEMPATH\CodeIgniter.php(355): CodeIgniter\CodeIgniter->handleRequest(null, Object(Config\Cache), false)
 5 SYSTEMPATH\Boot.php(334): CodeIgniter\CodeIgniter->run()
 6 SYSTEMPATH\Boot.php(67): CodeIgniter\Boot::runCodeIgniter(Object(CodeIgniter\CodeIgniter))
 7 FCPATH\index.php(56): CodeIgniter\Boot::bootWeb(Object(Config\Paths))
 8 SYSTEMPATH\rewrite.php(44): require_once('C:\\laragon\\www\\penjualan\\public\\index.php')
CRITICAL - 2025-01-15 06:19:34 --> CodeIgniter\HTTP\Exceptions\BadRequestException: The URI you submitted has disallowed characters: "keen-slider@6.8.6"
[Method: GET, Route: https:/cdn.jsdelivr.net/npm/keen-slider@6.8.6/keen-slider.min.css]
in SYSTEMPATH\Router\Router.php on line 737.
 1 SYSTEMPATH\Router\Router.php(204): CodeIgniter\Router\Router->checkDisallowedChars('https:/cdn.jsdelivr.net/npm/keen-slider@6.8.6/keen-slider.min.css')
 2 SYSTEMPATH\CodeIgniter.php(834): CodeIgniter\Router\Router->handle('https:/cdn.jsdelivr.net/npm/keen-slider@6.8.6/keen-slider.min.css')
 3 SYSTEMPATH\CodeIgniter.php(457): CodeIgniter\CodeIgniter->tryToRouteIt(Object(CodeIgniter\Router\RouteCollection))
 4 SYSTEMPATH\CodeIgniter.php(355): CodeIgniter\CodeIgniter->handleRequest(null, Object(Config\Cache), false)
 5 SYSTEMPATH\Boot.php(334): CodeIgniter\CodeIgniter->run()
 6 SYSTEMPATH\Boot.php(67): CodeIgniter\Boot::runCodeIgniter(Object(CodeIgniter\CodeIgniter))
 7 FCPATH\index.php(56): CodeIgniter\Boot::bootWeb(Object(Config\Paths))
 8 SYSTEMPATH\rewrite.php(44): require_once('C:\\laragon\\www\\penjualan\\public\\index.php')
CRITICAL - 2025-01-15 06:20:29 --> CodeIgniter\HTTP\Exceptions\BadRequestException: The URI you submitted has disallowed characters: "keen-slider@6.8.6"
[Method: GET, Route: https:/cdn.jsdelivr.net/npm/keen-slider@6.8.6/keen-slider.min.css]
in SYSTEMPATH\Router\Router.php on line 737.
 1 SYSTEMPATH\Router\Router.php(204): CodeIgniter\Router\Router->checkDisallowedChars('https:/cdn.jsdelivr.net/npm/keen-slider@6.8.6/keen-slider.min.css')
 2 SYSTEMPATH\CodeIgniter.php(834): CodeIgniter\Router\Router->handle('https:/cdn.jsdelivr.net/npm/keen-slider@6.8.6/keen-slider.min.css')
 3 SYSTEMPATH\CodeIgniter.php(457): CodeIgniter\CodeIgniter->tryToRouteIt(Object(CodeIgniter\Router\RouteCollection))
 4 SYSTEMPATH\CodeIgniter.php(355): CodeIgniter\CodeIgniter->handleRequest(null, Object(Config\Cache), false)
 5 SYSTEMPATH\Boot.php(334): CodeIgniter\CodeIgniter->run()
 6 SYSTEMPATH\Boot.php(67): CodeIgniter\Boot::runCodeIgniter(Object(CodeIgniter\CodeIgniter))
 7 FCPATH\index.php(56): CodeIgniter\Boot::bootWeb(Object(Config\Paths))
 8 SYSTEMPATH\rewrite.php(44): require_once('C:\\laragon\\www\\penjualan\\public\\index.php')
CRITICAL - 2025-01-15 06:20:31 --> CodeIgniter\HTTP\Exceptions\BadRequestException: The URI you submitted has disallowed characters: "keen-slider@6.8.6"
[Method: GET, Route: https:/cdn.jsdelivr.net/npm/keen-slider@6.8.6/keen-slider.min.css]
in SYSTEMPATH\Router\Router.php on line 737.
 1 SYSTEMPATH\Router\Router.php(204): CodeIgniter\Router\Router->checkDisallowedChars('https:/cdn.jsdelivr.net/npm/keen-slider@6.8.6/keen-slider.min.css')
 2 SYSTEMPATH\CodeIgniter.php(834): CodeIgniter\Router\Router->handle('https:/cdn.jsdelivr.net/npm/keen-slider@6.8.6/keen-slider.min.css')
 3 SYSTEMPATH\CodeIgniter.php(457): CodeIgniter\CodeIgniter->tryToRouteIt(Object(CodeIgniter\Router\RouteCollection))
 4 SYSTEMPATH\CodeIgniter.php(355): CodeIgniter\CodeIgniter->handleRequest(null, Object(Config\Cache), false)
 5 SYSTEMPATH\Boot.php(334): CodeIgniter\CodeIgniter->run()
 6 SYSTEMPATH\Boot.php(67): CodeIgniter\Boot::runCodeIgniter(Object(CodeIgniter\CodeIgniter))
 7 FCPATH\index.php(56): CodeIgniter\Boot::bootWeb(Object(Config\Paths))
 8 SYSTEMPATH\rewrite.php(44): require_once('C:\\laragon\\www\\penjualan\\public\\index.php')
CRITICAL - 2025-01-15 06:21:02 --> CodeIgniter\HTTP\Exceptions\BadRequestException: The URI you submitted has disallowed characters: "keen-slider@6.8.6"
[Method: GET, Route: https:/cdn.jsdelivr.net/npm/keen-slider@6.8.6/keen-slider.min.css]
in SYSTEMPATH\Router\Router.php on line 737.
 1 SYSTEMPATH\Router\Router.php(204): CodeIgniter\Router\Router->checkDisallowedChars('https:/cdn.jsdelivr.net/npm/keen-slider@6.8.6/keen-slider.min.css')
 2 SYSTEMPATH\CodeIgniter.php(834): CodeIgniter\Router\Router->handle('https:/cdn.jsdelivr.net/npm/keen-slider@6.8.6/keen-slider.min.css')
 3 SYSTEMPATH\CodeIgniter.php(457): CodeIgniter\CodeIgniter->tryToRouteIt(Object(CodeIgniter\Router\RouteCollection))
 4 SYSTEMPATH\CodeIgniter.php(355): CodeIgniter\CodeIgniter->handleRequest(null, Object(Config\Cache), false)
 5 SYSTEMPATH\Boot.php(334): CodeIgniter\CodeIgniter->run()
 6 SYSTEMPATH\Boot.php(67): CodeIgniter\Boot::runCodeIgniter(Object(CodeIgniter\CodeIgniter))
 7 FCPATH\index.php(56): CodeIgniter\Boot::bootWeb(Object(Config\Paths))
 8 SYSTEMPATH\rewrite.php(44): require_once('C:\\laragon\\www\\penjualan\\public\\index.php')
CRITICAL - 2025-01-15 06:21:04 --> CodeIgniter\HTTP\Exceptions\BadRequestException: The URI you submitted has disallowed characters: "keen-slider@6.8.6"
[Method: GET, Route: https:/cdn.jsdelivr.net/npm/keen-slider@6.8.6/keen-slider.min.css]
in SYSTEMPATH\Router\Router.php on line 737.
 1 SYSTEMPATH\Router\Router.php(204): CodeIgniter\Router\Router->checkDisallowedChars('https:/cdn.jsdelivr.net/npm/keen-slider@6.8.6/keen-slider.min.css')
 2 SYSTEMPATH\CodeIgniter.php(834): CodeIgniter\Router\Router->handle('https:/cdn.jsdelivr.net/npm/keen-slider@6.8.6/keen-slider.min.css')
 3 SYSTEMPATH\CodeIgniter.php(457): CodeIgniter\CodeIgniter->tryToRouteIt(Object(CodeIgniter\Router\RouteCollection))
 4 SYSTEMPATH\CodeIgniter.php(355): CodeIgniter\CodeIgniter->handleRequest(null, Object(Config\Cache), false)
 5 SYSTEMPATH\Boot.php(334): CodeIgniter\CodeIgniter->run()
 6 SYSTEMPATH\Boot.php(67): CodeIgniter\Boot::runCodeIgniter(Object(CodeIgniter\CodeIgniter))
 7 FCPATH\index.php(56): CodeIgniter\Boot::bootWeb(Object(Config\Paths))
 8 SYSTEMPATH\rewrite.php(44): require_once('C:\\laragon\\www\\penjualan\\public\\index.php')
CRITICAL - 2025-01-15 06:21:06 --> CodeIgniter\HTTP\Exceptions\BadRequestException: The URI you submitted has disallowed characters: "keen-slider@6.8.6"
[Method: GET, Route: https:/cdn.jsdelivr.net/npm/keen-slider@6.8.6/keen-slider.min.css]
in SYSTEMPATH\Router\Router.php on line 737.
 1 SYSTEMPATH\Router\Router.php(204): CodeIgniter\Router\Router->checkDisallowedChars('https:/cdn.jsdelivr.net/npm/keen-slider@6.8.6/keen-slider.min.css')
 2 SYSTEMPATH\CodeIgniter.php(834): CodeIgniter\Router\Router->handle('https:/cdn.jsdelivr.net/npm/keen-slider@6.8.6/keen-slider.min.css')
 3 SYSTEMPATH\CodeIgniter.php(457): CodeIgniter\CodeIgniter->tryToRouteIt(Object(CodeIgniter\Router\RouteCollection))
 4 SYSTEMPATH\CodeIgniter.php(355): CodeIgniter\CodeIgniter->handleRequest(null, Object(Config\Cache), false)
 5 SYSTEMPATH\Boot.php(334): CodeIgniter\CodeIgniter->run()
 6 SYSTEMPATH\Boot.php(67): CodeIgniter\Boot::runCodeIgniter(Object(CodeIgniter\CodeIgniter))
 7 FCPATH\index.php(56): CodeIgniter\Boot::bootWeb(Object(Config\Paths))
 8 SYSTEMPATH\rewrite.php(44): require_once('C:\\laragon\\www\\penjualan\\public\\index.php')
CRITICAL - 2025-01-15 06:21:07 --> CodeIgniter\HTTP\Exceptions\BadRequestException: The URI you submitted has disallowed characters: "keen-slider@6.8.6"
[Method: GET, Route: https:/cdn.jsdelivr.net/npm/keen-slider@6.8.6/keen-slider.min.css]
in SYSTEMPATH\Router\Router.php on line 737.
 1 SYSTEMPATH\Router\Router.php(204): CodeIgniter\Router\Router->checkDisallowedChars('https:/cdn.jsdelivr.net/npm/keen-slider@6.8.6/keen-slider.min.css')
 2 SYSTEMPATH\CodeIgniter.php(834): CodeIgniter\Router\Router->handle('https:/cdn.jsdelivr.net/npm/keen-slider@6.8.6/keen-slider.min.css')
 3 SYSTEMPATH\CodeIgniter.php(457): CodeIgniter\CodeIgniter->tryToRouteIt(Object(CodeIgniter\Router\RouteCollection))
 4 SYSTEMPATH\CodeIgniter.php(355): CodeIgniter\CodeIgniter->handleRequest(null, Object(Config\Cache), false)
 5 SYSTEMPATH\Boot.php(334): CodeIgniter\CodeIgniter->run()
 6 SYSTEMPATH\Boot.php(67): CodeIgniter\Boot::runCodeIgniter(Object(CodeIgniter\CodeIgniter))
 7 FCPATH\index.php(56): CodeIgniter\Boot::bootWeb(Object(Config\Paths))
 8 SYSTEMPATH\rewrite.php(44): require_once('C:\\laragon\\www\\penjualan\\public\\index.php')
CRITICAL - 2025-01-15 06:21:08 --> CodeIgniter\HTTP\Exceptions\BadRequestException: The URI you submitted has disallowed characters: "keen-slider@6.8.6"
[Method: GET, Route: https:/cdn.jsdelivr.net/npm/keen-slider@6.8.6/keen-slider.min.css]
in SYSTEMPATH\Router\Router.php on line 737.
 1 SYSTEMPATH\Router\Router.php(204): CodeIgniter\Router\Router->checkDisallowedChars('https:/cdn.jsdelivr.net/npm/keen-slider@6.8.6/keen-slider.min.css')
 2 SYSTEMPATH\CodeIgniter.php(834): CodeIgniter\Router\Router->handle('https:/cdn.jsdelivr.net/npm/keen-slider@6.8.6/keen-slider.min.css')
 3 SYSTEMPATH\CodeIgniter.php(457): CodeIgniter\CodeIgniter->tryToRouteIt(Object(CodeIgniter\Router\RouteCollection))
 4 SYSTEMPATH\CodeIgniter.php(355): CodeIgniter\CodeIgniter->handleRequest(null, Object(Config\Cache), false)
 5 SYSTEMPATH\Boot.php(334): CodeIgniter\CodeIgniter->run()
 6 SYSTEMPATH\Boot.php(67): CodeIgniter\Boot::runCodeIgniter(Object(CodeIgniter\CodeIgniter))
 7 FCPATH\index.php(56): CodeIgniter\Boot::bootWeb(Object(Config\Paths))
 8 SYSTEMPATH\rewrite.php(44): require_once('C:\\laragon\\www\\penjualan\\public\\index.php')
CRITICAL - 2025-01-15 06:21:48 --> CodeIgniter\HTTP\Exceptions\BadRequestException: The URI you submitted has disallowed characters: "keen-slider@6.8.6"
[Method: GET, Route: https:/cdn.jsdelivr.net/npm/keen-slider@6.8.6/keen-slider.min.css]
in SYSTEMPATH\Router\Router.php on line 737.
 1 SYSTEMPATH\Router\Router.php(204): CodeIgniter\Router\Router->checkDisallowedChars('https:/cdn.jsdelivr.net/npm/keen-slider@6.8.6/keen-slider.min.css')
 2 SYSTEMPATH\CodeIgniter.php(834): CodeIgniter\Router\Router->handle('https:/cdn.jsdelivr.net/npm/keen-slider@6.8.6/keen-slider.min.css')
 3 SYSTEMPATH\CodeIgniter.php(457): CodeIgniter\CodeIgniter->tryToRouteIt(Object(CodeIgniter\Router\RouteCollection))
 4 SYSTEMPATH\CodeIgniter.php(355): CodeIgniter\CodeIgniter->handleRequest(null, Object(Config\Cache), false)
 5 SYSTEMPATH\Boot.php(334): CodeIgniter\CodeIgniter->run()
 6 SYSTEMPATH\Boot.php(67): CodeIgniter\Boot::runCodeIgniter(Object(CodeIgniter\CodeIgniter))
 7 FCPATH\index.php(56): CodeIgniter\Boot::bootWeb(Object(Config\Paths))
 8 SYSTEMPATH\rewrite.php(44): require_once('C:\\laragon\\www\\penjualan\\public\\index.php')
CRITICAL - 2025-01-15 06:21:50 --> CodeIgniter\HTTP\Exceptions\BadRequestException: The URI you submitted has disallowed characters: "keen-slider@6.8.6"
[Method: GET, Route: https:/cdn.jsdelivr.net/npm/keen-slider@6.8.6/keen-slider.min.css]
in SYSTEMPATH\Router\Router.php on line 737.
 1 SYSTEMPATH\Router\Router.php(204): CodeIgniter\Router\Router->checkDisallowedChars('https:/cdn.jsdelivr.net/npm/keen-slider@6.8.6/keen-slider.min.css')
 2 SYSTEMPATH\CodeIgniter.php(834): CodeIgniter\Router\Router->handle('https:/cdn.jsdelivr.net/npm/keen-slider@6.8.6/keen-slider.min.css')
 3 SYSTEMPATH\CodeIgniter.php(457): CodeIgniter\CodeIgniter->tryToRouteIt(Object(CodeIgniter\Router\RouteCollection))
 4 SYSTEMPATH\CodeIgniter.php(355): CodeIgniter\CodeIgniter->handleRequest(null, Object(Config\Cache), false)
 5 SYSTEMPATH\Boot.php(334): CodeIgniter\CodeIgniter->run()
 6 SYSTEMPATH\Boot.php(67): CodeIgniter\Boot::runCodeIgniter(Object(CodeIgniter\CodeIgniter))
 7 FCPATH\index.php(56): CodeIgniter\Boot::bootWeb(Object(Config\Paths))
 8 SYSTEMPATH\rewrite.php(44): require_once('C:\\laragon\\www\\penjualan\\public\\index.php')
CRITICAL - 2025-01-15 06:22:56 --> CodeIgniter\HTTP\Exceptions\BadRequestException: The URI you submitted has disallowed characters: "keen-slider@6.8.6"
[Method: GET, Route: https:/cdn.jsdelivr.net/npm/keen-slider@6.8.6/keen-slider.min.css]
in SYSTEMPATH\Router\Router.php on line 737.
 1 SYSTEMPATH\Router\Router.php(204): CodeIgniter\Router\Router->checkDisallowedChars('https:/cdn.jsdelivr.net/npm/keen-slider@6.8.6/keen-slider.min.css')
 2 SYSTEMPATH\CodeIgniter.php(834): CodeIgniter\Router\Router->handle('https:/cdn.jsdelivr.net/npm/keen-slider@6.8.6/keen-slider.min.css')
 3 SYSTEMPATH\CodeIgniter.php(457): CodeIgniter\CodeIgniter->tryToRouteIt(Object(CodeIgniter\Router\RouteCollection))
 4 SYSTEMPATH\CodeIgniter.php(355): CodeIgniter\CodeIgniter->handleRequest(null, Object(Config\Cache), false)
 5 SYSTEMPATH\Boot.php(334): CodeIgniter\CodeIgniter->run()
 6 SYSTEMPATH\Boot.php(67): CodeIgniter\Boot::runCodeIgniter(Object(CodeIgniter\CodeIgniter))
 7 FCPATH\index.php(56): CodeIgniter\Boot::bootWeb(Object(Config\Paths))
 8 SYSTEMPATH\rewrite.php(44): require_once('C:\\laragon\\www\\penjualan\\public\\index.php')
CRITICAL - 2025-01-15 06:22:59 --> CodeIgniter\HTTP\Exceptions\BadRequestException: The URI you submitted has disallowed characters: "keen-slider@6.8.6"
[Method: GET, Route: https:/cdn.jsdelivr.net/npm/keen-slider@6.8.6/keen-slider.min.css]
in SYSTEMPATH\Router\Router.php on line 737.
 1 SYSTEMPATH\Router\Router.php(204): CodeIgniter\Router\Router->checkDisallowedChars('https:/cdn.jsdelivr.net/npm/keen-slider@6.8.6/keen-slider.min.css')
 2 SYSTEMPATH\CodeIgniter.php(834): CodeIgniter\Router\Router->handle('https:/cdn.jsdelivr.net/npm/keen-slider@6.8.6/keen-slider.min.css')
 3 SYSTEMPATH\CodeIgniter.php(457): CodeIgniter\CodeIgniter->tryToRouteIt(Object(CodeIgniter\Router\RouteCollection))
 4 SYSTEMPATH\CodeIgniter.php(355): CodeIgniter\CodeIgniter->handleRequest(null, Object(Config\Cache), false)
 5 SYSTEMPATH\Boot.php(334): CodeIgniter\CodeIgniter->run()
 6 SYSTEMPATH\Boot.php(67): CodeIgniter\Boot::runCodeIgniter(Object(CodeIgniter\CodeIgniter))
 7 FCPATH\index.php(56): CodeIgniter\Boot::bootWeb(Object(Config\Paths))
 8 SYSTEMPATH\rewrite.php(44): require_once('C:\\laragon\\www\\penjualan\\public\\index.php')
CRITICAL - 2025-01-15 06:23:00 --> CodeIgniter\HTTP\Exceptions\BadRequestException: The URI you submitted has disallowed characters: "keen-slider@6.8.6"
[Method: GET, Route: https:/cdn.jsdelivr.net/npm/keen-slider@6.8.6/keen-slider.min.css]
in SYSTEMPATH\Router\Router.php on line 737.
 1 SYSTEMPATH\Router\Router.php(204): CodeIgniter\Router\Router->checkDisallowedChars('https:/cdn.jsdelivr.net/npm/keen-slider@6.8.6/keen-slider.min.css')
 2 SYSTEMPATH\CodeIgniter.php(834): CodeIgniter\Router\Router->handle('https:/cdn.jsdelivr.net/npm/keen-slider@6.8.6/keen-slider.min.css')
 3 SYSTEMPATH\CodeIgniter.php(457): CodeIgniter\CodeIgniter->tryToRouteIt(Object(CodeIgniter\Router\RouteCollection))
 4 SYSTEMPATH\CodeIgniter.php(355): CodeIgniter\CodeIgniter->handleRequest(null, Object(Config\Cache), false)
 5 SYSTEMPATH\Boot.php(334): CodeIgniter\CodeIgniter->run()
 6 SYSTEMPATH\Boot.php(67): CodeIgniter\Boot::runCodeIgniter(Object(CodeIgniter\CodeIgniter))
 7 FCPATH\index.php(56): CodeIgniter\Boot::bootWeb(Object(Config\Paths))
 8 SYSTEMPATH\rewrite.php(44): require_once('C:\\laragon\\www\\penjualan\\public\\index.php')
CRITICAL - 2025-01-15 06:23:01 --> CodeIgniter\HTTP\Exceptions\BadRequestException: The URI you submitted has disallowed characters: "keen-slider@6.8.6"
[Method: GET, Route: https:/cdn.jsdelivr.net/npm/keen-slider@6.8.6/keen-slider.min.css]
in SYSTEMPATH\Router\Router.php on line 737.
 1 SYSTEMPATH\Router\Router.php(204): CodeIgniter\Router\Router->checkDisallowedChars('https:/cdn.jsdelivr.net/npm/keen-slider@6.8.6/keen-slider.min.css')
 2 SYSTEMPATH\CodeIgniter.php(834): CodeIgniter\Router\Router->handle('https:/cdn.jsdelivr.net/npm/keen-slider@6.8.6/keen-slider.min.css')
 3 SYSTEMPATH\CodeIgniter.php(457): CodeIgniter\CodeIgniter->tryToRouteIt(Object(CodeIgniter\Router\RouteCollection))
 4 SYSTEMPATH\CodeIgniter.php(355): CodeIgniter\CodeIgniter->handleRequest(null, Object(Config\Cache), false)
 5 SYSTEMPATH\Boot.php(334): CodeIgniter\CodeIgniter->run()
 6 SYSTEMPATH\Boot.php(67): CodeIgniter\Boot::runCodeIgniter(Object(CodeIgniter\CodeIgniter))
 7 FCPATH\index.php(56): CodeIgniter\Boot::bootWeb(Object(Config\Paths))
 8 SYSTEMPATH\rewrite.php(44): require_once('C:\\laragon\\www\\penjualan\\public\\index.php')
CRITICAL - 2025-01-15 06:25:34 --> CodeIgniter\HTTP\Exceptions\BadRequestException: The URI you submitted has disallowed characters: "keen-slider@6.8.6"
[Method: GET, Route: https:/cdn.jsdelivr.net/npm/keen-slider@6.8.6/keen-slider.min.css]
in SYSTEMPATH\Router\Router.php on line 737.
 1 SYSTEMPATH\Router\Router.php(204): CodeIgniter\Router\Router->checkDisallowedChars('https:/cdn.jsdelivr.net/npm/keen-slider@6.8.6/keen-slider.min.css')
 2 SYSTEMPATH\CodeIgniter.php(834): CodeIgniter\Router\Router->handle('https:/cdn.jsdelivr.net/npm/keen-slider@6.8.6/keen-slider.min.css')
 3 SYSTEMPATH\CodeIgniter.php(457): CodeIgniter\CodeIgniter->tryToRouteIt(Object(CodeIgniter\Router\RouteCollection))
 4 SYSTEMPATH\CodeIgniter.php(355): CodeIgniter\CodeIgniter->handleRequest(null, Object(Config\Cache), false)
 5 SYSTEMPATH\Boot.php(334): CodeIgniter\CodeIgniter->run()
 6 SYSTEMPATH\Boot.php(67): CodeIgniter\Boot::runCodeIgniter(Object(CodeIgniter\CodeIgniter))
 7 FCPATH\index.php(56): CodeIgniter\Boot::bootWeb(Object(Config\Paths))
 8 SYSTEMPATH\rewrite.php(44): require_once('C:\\laragon\\www\\penjualan\\public\\index.php')
CRITICAL - 2025-01-15 06:30:56 --> TypeError: App\Controllers\Home::index(): Return value must be of type string, none returned
[Method: GET, Route: /]
in APPPATH\Controllers\Home.php on line 11.
 1 SYSTEMPATH\CodeIgniter.php(933): App\Controllers\Home->index()
 2 SYSTEMPATH\CodeIgniter.php(509): CodeIgniter\CodeIgniter->runController(Object(App\Controllers\Home))
 3 SYSTEMPATH\CodeIgniter.php(355): CodeIgniter\CodeIgniter->handleRequest(null, Object(Config\Cache), false)
 4 SYSTEMPATH\Boot.php(334): CodeIgniter\CodeIgniter->run()
 5 SYSTEMPATH\Boot.php(67): CodeIgniter\Boot::runCodeIgniter(Object(CodeIgniter\CodeIgniter))
 6 FCPATH\index.php(56): CodeIgniter\Boot::bootWeb(Object(Config\Paths))
 7 SYSTEMPATH\rewrite.php(44): require_once('C:\\laragon\\www\\penjualan\\public\\index.php')
CRITICAL - 2025-01-15 10:49:20 --> Error: Class "Codeigniter\Model" not found
[Method: GET, Route: /]
in APPPATH\Models\ModelPegawai.php on line 7.
 1 VENDORPATH\composer\ClassLoader.php(576): include()
 2 VENDORPATH\composer\ClassLoader.php(427): Composer\Autoload\{closure}('C:\\laragon\\www\\penjualan\\vendor\\composer/../../app\\Models\\ModelPegawai.php')
 3 APPPATH\Controllers\Pegawai.php(9): Composer\Autoload\ClassLoader->loadClass('App\\Models\\ModelPegawai')
 4 SYSTEMPATH\CodeIgniter.php(903): App\Controllers\Pegawai->__construct()
 5 SYSTEMPATH\CodeIgniter.php(500): CodeIgniter\CodeIgniter->createController()
 6 SYSTEMPATH\CodeIgniter.php(355): CodeIgniter\CodeIgniter->handleRequest(null, Object(Config\Cache), false)
 7 SYSTEMPATH\Boot.php(334): CodeIgniter\CodeIgniter->run()
 8 SYSTEMPATH\Boot.php(67): CodeIgniter\Boot::runCodeIgniter(Object(CodeIgniter\CodeIgniter))
 9 FCPATH\index.php(56): CodeIgniter\Boot::bootWeb(Object(Config\Paths))
10 SYSTEMPATH\rewrite.php(44): require_once('C:\\laragon\\www\\penjualan\\public\\index.php')
CRITICAL - 2025-01-15 12:53:24 --> ParseError: syntax error, unexpected token "}", expecting ";"
[Method: GET, Route: pegawai]
in APPPATH\Controllers\Pegawai.php on line 17.
 1 VENDORPATH\composer\ClassLoader.php(427): Composer\Autoload\{closure}('C:\\laragon\\www\\penjualan\\vendor\\composer/../../app\\Controllers\\Pegawai.php')
 2 [internal function]: Composer\Autoload\ClassLoader->loadClass('App\\Controllers\\Pegawai')
 3 SYSTEMPATH\CodeIgniter.php(887): class_exists('\\App\\Controllers\\Pegawai', true)
 4 SYSTEMPATH\CodeIgniter.php(496): CodeIgniter\CodeIgniter->startController()
 5 SYSTEMPATH\CodeIgniter.php(355): CodeIgniter\CodeIgniter->handleRequest(null, Object(Config\Cache), false)
 6 SYSTEMPATH\Boot.php(334): CodeIgniter\CodeIgniter->run()
 7 SYSTEMPATH\Boot.php(67): CodeIgniter\Boot::runCodeIgniter(Object(CodeIgniter\CodeIgniter))
 8 FCPATH\index.php(56): CodeIgniter\Boot::bootWeb(Object(Config\Paths))
 9 SYSTEMPATH\rewrite.php(44): require_once('C:\\laragon\\www\\penjualan\\public\\index.php')
CRITICAL - 2025-01-15 15:17:28 --> ParseError: syntax error, unexpected variable "$validasi"
[Method: GET, Route: /]
in APPPATH\Controllers\Pegawai.php on line 43.
 1 VENDORPATH\composer\ClassLoader.php(427): Composer\Autoload\{closure}('C:\\laragon\\www\\penjualan\\vendor\\composer/../../app\\Controllers\\Pegawai.php')
 2 [internal function]: Composer\Autoload\ClassLoader->loadClass('App\\Controllers\\Pegawai')
 3 SYSTEMPATH\CodeIgniter.php(887): class_exists('\\App\\Controllers\\Pegawai', true)
 4 SYSTEMPATH\CodeIgniter.php(496): CodeIgniter\CodeIgniter->startController()
 5 SYSTEMPATH\CodeIgniter.php(355): CodeIgniter\CodeIgniter->handleRequest(null, Object(Config\Cache), false)
 6 SYSTEMPATH\Boot.php(334): CodeIgniter\CodeIgniter->run()
 7 SYSTEMPATH\Boot.php(67): CodeIgniter\Boot::runCodeIgniter(Object(CodeIgniter\CodeIgniter))
 8 FCPATH\index.php(56): CodeIgniter\Boot::bootWeb(Object(Config\Paths))
 9 SYSTEMPATH\rewrite.php(44): require_once('C:\\laragon\\www\\penjualan\\public\\index.php')
CRITICAL - 2025-01-15 15:41:28 --> BadMethodCallException: Call to undefined method App\Models\ModelPegawai::oerderBy
[Method: GET, Route: /]
in SYSTEMPATH\Model.php on line 930.
 1 APPPATH\Controllers\Pegawai.php(73): CodeIgniter\Model->__call('oerderBy', [...])
 2 SYSTEMPATH\CodeIgniter.php(933): App\Controllers\Pegawai->index()
 3 SYSTEMPATH\CodeIgniter.php(509): CodeIgniter\CodeIgniter->runController(Object(App\Controllers\Pegawai))
 4 SYSTEMPATH\CodeIgniter.php(355): CodeIgniter\CodeIgniter->handleRequest(null, Object(Config\Cache), false)
 5 SYSTEMPATH\Boot.php(334): CodeIgniter\CodeIgniter->run()
 6 SYSTEMPATH\Boot.php(67): CodeIgniter\Boot::runCodeIgniter(Object(CodeIgniter\CodeIgniter))
 7 FCPATH\index.php(56): CodeIgniter\Boot::bootWeb(Object(Config\Paths))
 8 SYSTEMPATH\rewrite.php(44): require_once('C:\\laragon\\www\\penjualan\\public\\index.php')
CRITICAL - 2025-01-15 15:57:31 --> ErrorException: Undefined array key "nomor"
[Method: GET, Route: /]
in APPPATH\Views\pegawai_view.php on line 108.
 1 APPPATH\Views\pegawai_view.php(108): CodeIgniter\Debug\Exceptions->errorHandler(2, 'Undefined array key "nomor"', 'C:\\laragon\\www\\penjualan\\app\\Views\\pegawai_view.php', 108)
 2 SYSTEMPATH\View\View.php(234): include('C:\\laragon\\www\\penjualan\\app\\Views\\pegawai_view.php')
 3 SYSTEMPATH\View\View.php(237): CodeIgniter\View\View->CodeIgniter\View\{closure}()
 4 SYSTEMPATH\Common.php(1171): CodeIgniter\View\View->render('pegawai_view', [], true)
 5 APPPATH\Controllers\Pegawai.php(77): view('pegawai_view', [...])
 6 SYSTEMPATH\CodeIgniter.php(933): App\Controllers\Pegawai->index()
 7 SYSTEMPATH\CodeIgniter.php(509): CodeIgniter\CodeIgniter->runController(Object(App\Controllers\Pegawai))
 8 SYSTEMPATH\CodeIgniter.php(355): CodeIgniter\CodeIgniter->handleRequest(null, Object(Config\Cache), false)
 9 SYSTEMPATH\Boot.php(334): CodeIgniter\CodeIgniter->run()
10 SYSTEMPATH\Boot.php(67): CodeIgniter\Boot::runCodeIgniter(Object(CodeIgniter\CodeIgniter))
11 FCPATH\index.php(56): CodeIgniter\Boot::bootWeb(Object(Config\Paths))
CRITICAL - 2025-01-15 16:24:05 --> ArgumentCountError: Too few arguments to function App\Controllers\Pegawai::edit(), 0 passed in C:\laragon\www\penjualan\vendor\codeigniter4\framework\system\CodeIgniter.php on line 933 and exactly 1 expected
[Method: GET, Route: pegawai/edit]
in APPPATH\Controllers\Pegawai.php on line 13.
 1 SYSTEMPATH\CodeIgniter.php(933): App\Controllers\Pegawai->edit()
 2 SYSTEMPATH\CodeIgniter.php(509): CodeIgniter\CodeIgniter->runController(Object(App\Controllers\Pegawai))
 3 SYSTEMPATH\CodeIgniter.php(355): CodeIgniter\CodeIgniter->handleRequest(null, Object(Config\Cache), false)
 4 SYSTEMPATH\Boot.php(334): CodeIgniter\CodeIgniter->run()
 5 SYSTEMPATH\Boot.php(67): CodeIgniter\Boot::runCodeIgniter(Object(CodeIgniter\CodeIgniter))
 6 FCPATH\index.php(56): CodeIgniter\Boot::bootWeb(Object(Config\Paths))
 7 SYSTEMPATH\rewrite.php(44): require_once('C:\\laragon\\www\\penjualan\\public\\index.php')
CRITICAL - 2025-01-15 16:24:15 --> ArgumentCountError: Too few arguments to function App\Controllers\Pegawai::edit(), 0 passed in C:\laragon\www\penjualan\vendor\codeigniter4\framework\system\CodeIgniter.php on line 933 and exactly 1 expected
[Method: GET, Route: pegawai/edit]
in APPPATH\Controllers\Pegawai.php on line 13.
 1 SYSTEMPATH\CodeIgniter.php(933): App\Controllers\Pegawai->edit()
 2 SYSTEMPATH\CodeIgniter.php(509): CodeIgniter\CodeIgniter->runController(Object(App\Controllers\Pegawai))
 3 SYSTEMPATH\CodeIgniter.php(355): CodeIgniter\CodeIgniter->handleRequest(null, Object(Config\Cache), false)
 4 SYSTEMPATH\Boot.php(334): CodeIgniter\CodeIgniter->run()
 5 SYSTEMPATH\Boot.php(67): CodeIgniter\Boot::runCodeIgniter(Object(CodeIgniter\CodeIgniter))
 6 FCPATH\index.php(56): CodeIgniter\Boot::bootWeb(Object(Config\Paths))
 7 SYSTEMPATH\rewrite.php(44): require_once('C:\\laragon\\www\\penjualan\\public\\index.php')
CRITICAL - 2025-01-15 16:24:58 --> ArgumentCountError: Too few arguments to function App\Controllers\Pegawai::edit(), 0 passed in C:\laragon\www\penjualan\vendor\codeigniter4\framework\system\CodeIgniter.php on line 933 and exactly 1 expected
[Method: GET, Route: pegawai/edit]
in APPPATH\Controllers\Pegawai.php on line 13.
 1 SYSTEMPATH\CodeIgniter.php(933): App\Controllers\Pegawai->edit()
 2 SYSTEMPATH\CodeIgniter.php(509): CodeIgniter\CodeIgniter->runController(Object(App\Controllers\Pegawai))
 3 SYSTEMPATH\CodeIgniter.php(355): CodeIgniter\CodeIgniter->handleRequest(null, Object(Config\Cache), false)
 4 SYSTEMPATH\Boot.php(334): CodeIgniter\CodeIgniter->run()
 5 SYSTEMPATH\Boot.php(67): CodeIgniter\Boot::runCodeIgniter(Object(CodeIgniter\CodeIgniter))
 6 FCPATH\index.php(56): CodeIgniter\Boot::bootWeb(Object(Config\Paths))
 7 SYSTEMPATH\rewrite.php(44): require_once('C:\\laragon\\www\\penjualan\\public\\index.php')
CRITICAL - 2025-01-15 16:25:39 --> ArgumentCountError: Too few arguments to function App\Controllers\Pegawai::edit(), 0 passed in C:\laragon\www\penjualan\vendor\codeigniter4\framework\system\CodeIgniter.php on line 933 and exactly 1 expected
[Method: GET, Route: pegawai/edit]
in APPPATH\Controllers\Pegawai.php on line 13.
 1 SYSTEMPATH\CodeIgniter.php(933): App\Controllers\Pegawai->edit()
 2 SYSTEMPATH\CodeIgniter.php(509): CodeIgniter\CodeIgniter->runController(Object(App\Controllers\Pegawai))
 3 SYSTEMPATH\CodeIgniter.php(355): CodeIgniter\CodeIgniter->handleRequest(null, Object(Config\Cache), false)
 4 SYSTEMPATH\Boot.php(334): CodeIgniter\CodeIgniter->run()
 5 SYSTEMPATH\Boot.php(67): CodeIgniter\Boot::runCodeIgniter(Object(CodeIgniter\CodeIgniter))
 6 FCPATH\index.php(56): CodeIgniter\Boot::bootWeb(Object(Config\Paths))
 7 SYSTEMPATH\rewrite.php(44): require_once('C:\\laragon\\www\\penjualan\\public\\index.php')
CRITICAL - 2025-01-15 16:25:47 --> ArgumentCountError: Too few arguments to function App\Controllers\Pegawai::edit(), 0 passed in C:\laragon\www\penjualan\vendor\codeigniter4\framework\system\CodeIgniter.php on line 933 and exactly 1 expected
[Method: GET, Route: pegawai/edit]
in APPPATH\Controllers\Pegawai.php on line 13.
 1 SYSTEMPATH\CodeIgniter.php(933): App\Controllers\Pegawai->edit()
 2 SYSTEMPATH\CodeIgniter.php(509): CodeIgniter\CodeIgniter->runController(Object(App\Controllers\Pegawai))
 3 SYSTEMPATH\CodeIgniter.php(355): CodeIgniter\CodeIgniter->handleRequest(null, Object(Config\Cache), false)
 4 SYSTEMPATH\Boot.php(334): CodeIgniter\CodeIgniter->run()
 5 SYSTEMPATH\Boot.php(67): CodeIgniter\Boot::runCodeIgniter(Object(CodeIgniter\CodeIgniter))
 6 FCPATH\index.php(56): CodeIgniter\Boot::bootWeb(Object(Config\Paths))
 7 SYSTEMPATH\rewrite.php(44): require_once('C:\\laragon\\www\\penjualan\\public\\index.php')
CRITICAL - 2025-01-15 16:25:49 --> ArgumentCountError: Too few arguments to function App\Controllers\Pegawai::edit(), 0 passed in C:\laragon\www\penjualan\vendor\codeigniter4\framework\system\CodeIgniter.php on line 933 and exactly 1 expected
[Method: GET, Route: pegawai/edit]
in APPPATH\Controllers\Pegawai.php on line 13.
 1 SYSTEMPATH\CodeIgniter.php(933): App\Controllers\Pegawai->edit()
 2 SYSTEMPATH\CodeIgniter.php(509): CodeIgniter\CodeIgniter->runController(Object(App\Controllers\Pegawai))
 3 SYSTEMPATH\CodeIgniter.php(355): CodeIgniter\CodeIgniter->handleRequest(null, Object(Config\Cache), false)
 4 SYSTEMPATH\Boot.php(334): CodeIgniter\CodeIgniter->run()
 5 SYSTEMPATH\Boot.php(67): CodeIgniter\Boot::runCodeIgniter(Object(CodeIgniter\CodeIgniter))
 6 FCPATH\index.php(56): CodeIgniter\Boot::bootWeb(Object(Config\Paths))
 7 SYSTEMPATH\rewrite.php(44): require_once('C:\\laragon\\www\\penjualan\\public\\index.php')
CRITICAL - 2025-01-15 16:27:06 --> ArgumentCountError: Too few arguments to function App\Controllers\Pegawai::edit(), 0 passed in C:\laragon\www\penjualan\vendor\codeigniter4\framework\system\CodeIgniter.php on line 933 and exactly 1 expected
[Method: GET, Route: pegawai/edit]
in APPPATH\Controllers\Pegawai.php on line 13.
 1 SYSTEMPATH\CodeIgniter.php(933): App\Controllers\Pegawai->edit()
 2 SYSTEMPATH\CodeIgniter.php(509): CodeIgniter\CodeIgniter->runController(Object(App\Controllers\Pegawai))
 3 SYSTEMPATH\CodeIgniter.php(355): CodeIgniter\CodeIgniter->handleRequest(null, Object(Config\Cache), false)
 4 SYSTEMPATH\Boot.php(334): CodeIgniter\CodeIgniter->run()
 5 SYSTEMPATH\Boot.php(67): CodeIgniter\Boot::runCodeIgniter(Object(CodeIgniter\CodeIgniter))
 6 FCPATH\index.php(56): CodeIgniter\Boot::bootWeb(Object(Config\Paths))
 7 SYSTEMPATH\rewrite.php(44): require_once('C:\\laragon\\www\\penjualan\\public\\index.php')
CRITICAL - 2025-01-15 16:27:14 --> ArgumentCountError: Too few arguments to function App\Controllers\Pegawai::edit(), 0 passed in C:\laragon\www\penjualan\vendor\codeigniter4\framework\system\CodeIgniter.php on line 933 and exactly 1 expected
[Method: GET, Route: pegawai/edit]
in APPPATH\Controllers\Pegawai.php on line 13.
 1 SYSTEMPATH\CodeIgniter.php(933): App\Controllers\Pegawai->edit()
 2 SYSTEMPATH\CodeIgniter.php(509): CodeIgniter\CodeIgniter->runController(Object(App\Controllers\Pegawai))
 3 SYSTEMPATH\CodeIgniter.php(355): CodeIgniter\CodeIgniter->handleRequest(null, Object(Config\Cache), false)
 4 SYSTEMPATH\Boot.php(334): CodeIgniter\CodeIgniter->run()
 5 SYSTEMPATH\Boot.php(67): CodeIgniter\Boot::runCodeIgniter(Object(CodeIgniter\CodeIgniter))
 6 FCPATH\index.php(56): CodeIgniter\Boot::bootWeb(Object(Config\Paths))
 7 SYSTEMPATH\rewrite.php(44): require_once('C:\\laragon\\www\\penjualan\\public\\index.php')
CRITICAL - 2025-01-15 16:27:26 --> ArgumentCountError: Too few arguments to function App\Controllers\Pegawai::edit(), 0 passed in C:\laragon\www\penjualan\vendor\codeigniter4\framework\system\CodeIgniter.php on line 933 and exactly 1 expected
[Method: GET, Route: pegawai/edit]
in APPPATH\Controllers\Pegawai.php on line 13.
 1 SYSTEMPATH\CodeIgniter.php(933): App\Controllers\Pegawai->edit()
 2 SYSTEMPATH\CodeIgniter.php(509): CodeIgniter\CodeIgniter->runController(Object(App\Controllers\Pegawai))
 3 SYSTEMPATH\CodeIgniter.php(355): CodeIgniter\CodeIgniter->handleRequest(null, Object(Config\Cache), false)
 4 SYSTEMPATH\Boot.php(334): CodeIgniter\CodeIgniter->run()
 5 SYSTEMPATH\Boot.php(67): CodeIgniter\Boot::runCodeIgniter(Object(CodeIgniter\CodeIgniter))
 6 FCPATH\index.php(56): CodeIgniter\Boot::bootWeb(Object(Config\Paths))
 7 SYSTEMPATH\rewrite.php(44): require_once('C:\\laragon\\www\\penjualan\\public\\index.php')
CRITICAL - 2025-01-15 16:31:04 --> ArgumentCountError: Too few arguments to function App\Controllers\Pegawai::edit(), 0 passed in C:\laragon\www\penjualan\vendor\codeigniter4\framework\system\CodeIgniter.php on line 933 and exactly 1 expected
[Method: GET, Route: pegawai/edit/19]
in APPPATH\Controllers\Pegawai.php on line 13.
 1 SYSTEMPATH\CodeIgniter.php(933): App\Controllers\Pegawai->edit()
 2 SYSTEMPATH\CodeIgniter.php(509): CodeIgniter\CodeIgniter->runController(Object(App\Controllers\Pegawai))
 3 SYSTEMPATH\CodeIgniter.php(355): CodeIgniter\CodeIgniter->handleRequest(null, Object(Config\Cache), false)
 4 SYSTEMPATH\Boot.php(334): CodeIgniter\CodeIgniter->run()
 5 SYSTEMPATH\Boot.php(67): CodeIgniter\Boot::runCodeIgniter(Object(CodeIgniter\CodeIgniter))
 6 FCPATH\index.php(56): CodeIgniter\Boot::bootWeb(Object(Config\Paths))
 7 SYSTEMPATH\rewrite.php(44): require_once('C:\\laragon\\www\\penjualan\\public\\index.php')
CRITICAL - 2025-01-15 16:33:33 --> ErrorException: Undefined variable $id
[Method: GET, Route: /]
in APPPATH\Config\Routes.php on line 9.
 1 APPPATH\Config\Routes.php(9): CodeIgniter\Debug\Exceptions->errorHandler(2, 'Undefined variable $id', 'C:\\laragon\\www\\penjualan\\app\\Config\\Routes.php', 9)
 2 SYSTEMPATH\Router\RouteCollection.php(339): require('C:\\laragon\\www\\penjualan\\app\\Config\\Routes.php')
 3 SYSTEMPATH\CodeIgniter.php(823): CodeIgniter\Router\RouteCollection->loadRoutes()
 4 SYSTEMPATH\CodeIgniter.php(457): CodeIgniter\CodeIgniter->tryToRouteIt(null)
 5 SYSTEMPATH\CodeIgniter.php(355): CodeIgniter\CodeIgniter->handleRequest(null, Object(Config\Cache), false)
 6 SYSTEMPATH\Boot.php(334): CodeIgniter\CodeIgniter->run()
 7 SYSTEMPATH\Boot.php(67): CodeIgniter\Boot::runCodeIgniter(Object(CodeIgniter\CodeIgniter))
 8 FCPATH\index.php(56): CodeIgniter\Boot::bootWeb(Object(Config\Paths))
CRITICAL - 2025-01-15 16:33:43 --> ErrorException: Undefined variable $id
[Method: GET, Route: /]
in APPPATH\Config\Routes.php on line 9.
 1 APPPATH\Config\Routes.php(9): CodeIgniter\Debug\Exceptions->errorHandler(2, 'Undefined variable $id', 'C:\\laragon\\www\\penjualan\\app\\Config\\Routes.php', 9)
 2 SYSTEMPATH\Router\RouteCollection.php(339): require('C:\\laragon\\www\\penjualan\\app\\Config\\Routes.php')
 3 SYSTEMPATH\CodeIgniter.php(823): CodeIgniter\Router\RouteCollection->loadRoutes()
 4 SYSTEMPATH\CodeIgniter.php(457): CodeIgniter\CodeIgniter->tryToRouteIt(null)
 5 SYSTEMPATH\CodeIgniter.php(355): CodeIgniter\CodeIgniter->handleRequest(null, Object(Config\Cache), false)
 6 SYSTEMPATH\Boot.php(334): CodeIgniter\CodeIgniter->run()
 7 SYSTEMPATH\Boot.php(67): CodeIgniter\Boot::runCodeIgniter(Object(CodeIgniter\CodeIgniter))
 8 FCPATH\index.php(56): CodeIgniter\Boot::bootWeb(Object(Config\Paths))
CRITICAL - 2025-01-15 16:42:48 --> ArgumentCountError: Too few arguments to function App\Controllers\Pegawai::hapus(), 0 passed in C:\laragon\www\penjualan\vendor\codeigniter4\framework\system\CodeIgniter.php on line 933 and exactly 1 expected
[Method: GET, Route: hapus]
in APPPATH\Controllers\Pegawai.php on line 13.
 1 SYSTEMPATH\CodeIgniter.php(933): App\Controllers\Pegawai->hapus()
 2 SYSTEMPATH\CodeIgniter.php(509): CodeIgniter\CodeIgniter->runController(Object(App\Controllers\Pegawai))
 3 SYSTEMPATH\CodeIgniter.php(355): CodeIgniter\CodeIgniter->handleRequest(null, Object(Config\Cache), false)
 4 SYSTEMPATH\Boot.php(334): CodeIgniter\CodeIgniter->run()
 5 SYSTEMPATH\Boot.php(67): CodeIgniter\Boot::runCodeIgniter(Object(CodeIgniter\CodeIgniter))
 6 FCPATH\index.php(56): CodeIgniter\Boot::bootWeb(Object(Config\Paths))
 7 SYSTEMPATH\rewrite.php(44): require_once('C:\\laragon\\www\\penjualan\\public\\index.php')
CRITICAL - 2025-01-15 16:44:07 --> CodeIgniter\Database\Exceptions\DatabaseException: Deletes are not allowed unless they contain a "where" or "like" clause.
[Method: GET, Route: hapus]
in SYSTEMPATH\Database\BaseBuilder.php on line 2814.
 1 SYSTEMPATH\Model.php(521): CodeIgniter\Database\BaseBuilder->delete()
 2 SYSTEMPATH\BaseModel.php(1157): CodeIgniter\Model->doDelete(null, false)
 3 APPPATH\Controllers\Pegawai.php(14): CodeIgniter\BaseModel->delete()
 4 SYSTEMPATH\CodeIgniter.php(933): App\Controllers\Pegawai->hapus()
 5 SYSTEMPATH\CodeIgniter.php(509): CodeIgniter\CodeIgniter->runController(Object(App\Controllers\Pegawai))
 6 SYSTEMPATH\CodeIgniter.php(355): CodeIgniter\CodeIgniter->handleRequest(null, Object(Config\Cache), false)
 7 SYSTEMPATH\Boot.php(334): CodeIgniter\CodeIgniter->run()
 8 SYSTEMPATH\Boot.php(67): CodeIgniter\Boot::runCodeIgniter(Object(CodeIgniter\CodeIgniter))
 9 FCPATH\index.php(56): CodeIgniter\Boot::bootWeb(Object(Config\Paths))
10 SYSTEMPATH\rewrite.php(44): require_once('C:\\laragon\\www\\penjualan\\public\\index.php')
CRITICAL - 2025-01-15 17:00:10 --> ArgumentCountError: Too few arguments to function App\Controllers\Pegawai::edit(), 0 passed in C:\laragon\www\penjualan\vendor\codeigniter4\framework\system\CodeIgniter.php on line 933 and exactly 1 expected
[Method: GET, Route: pegawai/edit/17]
in APPPATH\Controllers\Pegawai.php on line 18.
 1 SYSTEMPATH\CodeIgniter.php(933): App\Controllers\Pegawai->edit()
 2 SYSTEMPATH\CodeIgniter.php(509): CodeIgniter\CodeIgniter->runController(Object(App\Controllers\Pegawai))
 3 SYSTEMPATH\CodeIgniter.php(355): CodeIgniter\CodeIgniter->handleRequest(null, Object(Config\Cache), false)
 4 SYSTEMPATH\Boot.php(334): CodeIgniter\CodeIgniter->run()
 5 SYSTEMPATH\Boot.php(67): CodeIgniter\Boot::runCodeIgniter(Object(CodeIgniter\CodeIgniter))
 6 FCPATH\index.php(56): CodeIgniter\Boot::bootWeb(Object(Config\Paths))
 7 SYSTEMPATH\rewrite.php(44): require_once('C:\\laragon\\www\\penjualan\\public\\index.php')
CRITICAL - 2025-01-15 17:00:15 --> ArgumentCountError: Too few arguments to function App\Controllers\Pegawai::hapus(), 0 passed in C:\laragon\www\penjualan\vendor\codeigniter4\framework\system\CodeIgniter.php on line 933 and exactly 1 expected
[Method: GET, Route: pegawai/hapus/17]
in APPPATH\Controllers\Pegawai.php on line 13.
 1 SYSTEMPATH\CodeIgniter.php(933): App\Controllers\Pegawai->hapus()
 2 SYSTEMPATH\CodeIgniter.php(509): CodeIgniter\CodeIgniter->runController(Object(App\Controllers\Pegawai))
 3 SYSTEMPATH\CodeIgniter.php(355): CodeIgniter\CodeIgniter->handleRequest(null, Object(Config\Cache), false)
 4 SYSTEMPATH\Boot.php(334): CodeIgniter\CodeIgniter->run()
 5 SYSTEMPATH\Boot.php(67): CodeIgniter\Boot::runCodeIgniter(Object(CodeIgniter\CodeIgniter))
 6 FCPATH\index.php(56): CodeIgniter\Boot::bootWeb(Object(Config\Paths))
 7 SYSTEMPATH\rewrite.php(44): require_once('C:\\laragon\\www\\penjualan\\public\\index.php')
ERROR - 2025-01-15 17:20:27 --> Error connecting to the database: mysqli_sql_exception: No connection could be made because the target machine actively refused it in C:\laragon\www\penjualan\vendor\codeigniter4\framework\system\Database\MySQLi\Connection.php:187
Stack trace:
#0 C:\laragon\www\penjualan\vendor\codeigniter4\framework\system\Database\MySQLi\Connection.php(187): mysqli->real_connect('localhost', 'root', '', 'ci4test', 3306, '', 0)
#1 C:\laragon\www\penjualan\vendor\codeigniter4\framework\system\Database\BaseConnection.php(421): CodeIgniter\Database\MySQLi\Connection->connect(false)
#2 C:\laragon\www\penjualan\vendor\codeigniter4\framework\system\Database\BaseConnection.php(616): CodeIgniter\Database\BaseConnection->initialize()
#3 C:\laragon\www\penjualan\vendor\codeigniter4\framework\system\Database\BaseBuilder.php(1728): CodeIgniter\Database\BaseConnection->query('SELECT COUNT(*)...', Array, false)
#4 C:\laragon\www\penjualan\vendor\codeigniter4\framework\system\Model.php(676): CodeIgniter\Database\BaseBuilder->countAllResults(false)
#5 C:\laragon\www\penjualan\vendor\codeigniter4\framework\system\BaseModel.php(1283): CodeIgniter\Model->countAllResults(false)
#6 C:\laragon\www\penjualan\app\Controllers\Pegawai.php(94): CodeIgniter\BaseModel->paginate(2)
#7 C:\laragon\www\penjualan\vendor\codeigniter4\framework\system\CodeIgniter.php(933): App\Controllers\Pegawai->index()
#8 C:\laragon\www\penjualan\vendor\codeigniter4\framework\system\CodeIgniter.php(509): CodeIgniter\CodeIgniter->runController(Object(App\Controllers\Pegawai))
#9 C:\laragon\www\penjualan\vendor\codeigniter4\framework\system\CodeIgniter.php(355): CodeIgniter\CodeIgniter->handleRequest(NULL, Object(Config\Cache), false)
#10 C:\laragon\www\penjualan\vendor\codeigniter4\framework\system\Boot.php(334): CodeIgniter\CodeIgniter->run()
#11 C:\laragon\www\penjualan\vendor\codeigniter4\framework\system\Boot.php(67): CodeIgniter\Boot::runCodeIgniter(Object(CodeIgniter\CodeIgniter))
#12 C:\laragon\www\penjualan\public\index.php(56): CodeIgniter\Boot::bootWeb(Object(Config\Paths))
#13 {main}

Next CodeIgniter\Database\Exceptions\DatabaseException: No connection could be made because the target machine actively refused it in C:\laragon\www\penjualan\vendor\codeigniter4\framework\system\Database\MySQLi\Connection.php:231
Stack trace:
#0 C:\laragon\www\penjualan\vendor\codeigniter4\framework\system\Database\BaseConnection.php(421): CodeIgniter\Database\MySQLi\Connection->connect(false)
#1 C:\laragon\www\penjualan\vendor\codeigniter4\framework\system\Database\BaseConnection.php(616): CodeIgniter\Database\BaseConnection->initialize()
#2 C:\laragon\www\penjualan\vendor\codeigniter4\framework\system\Database\BaseBuilder.php(1728): CodeIgniter\Database\BaseConnection->query('SELECT COUNT(*)...', Array, false)
#3 C:\laragon\www\penjualan\vendor\codeigniter4\framework\system\Model.php(676): CodeIgniter\Database\BaseBuilder->countAllResults(false)
#4 C:\laragon\www\penjualan\vendor\codeigniter4\framework\system\BaseModel.php(1283): CodeIgniter\Model->countAllResults(false)
#5 C:\laragon\www\penjualan\app\Controllers\Pegawai.php(94): CodeIgniter\BaseModel->paginate(2)
#6 C:\laragon\www\penjualan\vendor\codeigniter4\framework\system\CodeIgniter.php(933): App\Controllers\Pegawai->index()
#7 C:\laragon\www\penjualan\vendor\codeigniter4\framework\system\CodeIgniter.php(509): CodeIgniter\CodeIgniter->runController(Object(App\Controllers\Pegawai))
#8 C:\laragon\www\penjualan\vendor\codeigniter4\framework\system\CodeIgniter.php(355): CodeIgniter\CodeIgniter->handleRequest(NULL, Object(Config\Cache), false)
#9 C:\laragon\www\penjualan\vendor\codeigniter4\framework\system\Boot.php(334): CodeIgniter\CodeIgniter->run()
#10 C:\laragon\www\penjualan\vendor\codeigniter4\framework\system\Boot.php(67): CodeIgniter\Boot::runCodeIgniter(Object(CodeIgniter\CodeIgniter))
#11 C:\laragon\www\penjualan\public\index.php(56): CodeIgniter\Boot::bootWeb(Object(Config\Paths))
#12 {main}
CRITICAL - 2025-01-15 17:20:27 --> CodeIgniter\Database\Exceptions\DatabaseException: Unable to connect to the database.
Main connection [MySQLi]: No connection could be made because the target machine actively refused it
[Method: GET, Route: /]
in SYSTEMPATH\Database\BaseConnection.php on line 467.
 1 SYSTEMPATH\Database\BaseConnection.php(616): CodeIgniter\Database\BaseConnection->initialize()
 2 SYSTEMPATH\Database\BaseBuilder.php(1728): CodeIgniter\Database\BaseConnection->query('SELECT COUNT(*) AS `numrows`
FROM `Pegawai`', [], false)
 3 SYSTEMPATH\Model.php(676): CodeIgniter\Database\BaseBuilder->countAllResults(false)
 4 SYSTEMPATH\BaseModel.php(1283): CodeIgniter\Model->countAllResults(false)
 5 APPPATH\Controllers\Pegawai.php(94): CodeIgniter\BaseModel->paginate(2)
 6 SYSTEMPATH\CodeIgniter.php(933): App\Controllers\Pegawai->index()
 7 SYSTEMPATH\CodeIgniter.php(509): CodeIgniter\CodeIgniter->runController(Object(App\Controllers\Pegawai))
 8 SYSTEMPATH\CodeIgniter.php(355): CodeIgniter\CodeIgniter->handleRequest(null, Object(Config\Cache), false)
 9 SYSTEMPATH\Boot.php(334): CodeIgniter\CodeIgniter->run()
10 SYSTEMPATH\Boot.php(67): CodeIgniter\Boot::runCodeIgniter(Object(CodeIgniter\CodeIgniter))
11 FCPATH\index.php(56): CodeIgniter\Boot::bootWeb(Object(Config\Paths))
